# JRE version: OpenJDK Runtime Environment (8.0_112-b06) (build 1.8.0_112-release-b06)
# Java VM: OpenJDK 64-Bit Server VM (25.112-b06 mixed mode windows-amd64 compressed oops)
Heap:
 PSYoungGen      total 178688K, used 79052K [0x00000000e0000000, 0x00000000eda80000, 0x0000000100000000)
  eden space 162304K, 45% used [0x00000000e0000000,0x00000000e47b4530,0x00000000e9e80000)
  from space 16384K, 34% used [0x00000000e9e80000,0x00000000ea3feb70,0x00000000eae80000)
  to   space 15872K, 0% used [0x00000000ecb00000,0x00000000ecb00000,0x00000000eda80000)
 ParOldGen       total 91648K, used 46350K [0x00000000a0000000, 0x00000000a5980000, 0x00000000e0000000)
  object space 91648K, 50% used [0x00000000a0000000,0x00000000a2d43910,0x00000000a5980000)
 Metaspace       used 59750K, capacity 62742K, committed 63064K, reserved 1103872K
  class space    used 8077K, capacity 8711K, committed 8792K, reserved 1048576K
GC Heap History (10 events):
Event: 84.666 GC heap before
{Heap before GC invocations=18 (full 2):
 PSYoungGen      total 97280K, used 94968K [0x00000000e0000000, 0x00000000e8c00000, 0x0000000100000000)
  eden space 89088K, 100% used [0x00000000e0000000,0x00000000e5700000,0x00000000e5700000)
  from space 8192K, 71% used [0x00000000e5700000,0x00000000e5cbe138,0x00000000e5f00000)
  to   space 8192K, 0% used [0x00000000e8400000,0x00000000e8400000,0x00000000e8c00000)
 ParOldGen       total 45568K, used 19393K [0x00000000a0000000, 0x00000000a2c80000, 0x00000000e0000000)
  object space 45568K, 42% used [0x00000000a0000000,0x00000000a12f07f8,0x00000000a2c80000)
 Metaspace       used 47846K, capacity 49376K, committed 49624K, reserved 1091584K
  class space    used 6473K, capacity 6850K, committed 6872K, reserved 1048576K
Event: 84.705 GC heap after
Heap after GC invocations=18 (full 2):
 PSYoungGen      total 132608K, used 8177K [0x00000000e0000000, 0x00000000e8f00000, 0x0000000100000000)
  eden space 124416K, 0% used [0x00000000e0000000,0x00000000e0000000,0x00000000e7980000)
  from space 8192K, 99% used [0x00000000e8400000,0x00000000e8bfc488,0x00000000e8c00000)
  to   space 10752K, 0% used [0x00000000e7980000,0x00000000e7980000,0x00000000e8400000)
 ParOldGen       total 45568K, used 23697K [0x00000000a0000000, 0x00000000a2c80000, 0x00000000e0000000)
  object space 45568K, 52% used [0x00000000a0000000,0x00000000a17246a8,0x00000000a2c80000)
 Metaspace       used 47846K, capacity 49376K, committed 49624K, reserved 1091584K
  class space    used 6473K, capacity 6850K, committed 6872K, reserved 1048576K
}
Event: 87.800 GC heap before
{Heap before GC invocations=19 (full 2):
 PSYoungGen      total 132608K, used 132593K [0x00000000e0000000, 0x00000000e8f00000, 0x0000000100000000)
  eden space 124416K, 100% used [0x00000000e0000000,0x00000000e7980000,0x00000000e7980000)
  from space 8192K, 99% used [0x00000000e8400000,0x00000000e8bfc488,0x00000000e8c00000)
  to   space 10752K, 0% used [0x00000000e7980000,0x00000000e7980000,0x00000000e8400000)
 ParOldGen       total 45568K, used 23697K [0x00000000a0000000, 0x00000000a2c80000, 0x00000000e0000000)
  object space 45568K, 52% used [0x00000000a0000000,0x00000000a17246a8,0x00000000a2c80000)
 Metaspace       used 50878K, capacity 52760K, committed 52824K, reserved 1095680K
  class space    used 7027K, capacity 7460K, committed 7512K, reserved 1048576K
Event: 87.936 GC heap after
Heap after GC invocations=19 (full 2):
 PSYoungGen      total 135168K, used 10752K [0x00000000e0000000, 0x00000000ec000000, 0x0000000100000000)
  eden space 124416K, 0% used [0x00000000e0000000,0x00000000e0000000,0x00000000e7980000)
  from space 10752K, 100% used [0x00000000e7980000,0x00000000e8400000,0x00000000e8400000)
  to   space 16384K, 0% used [0x00000000eb000000,0x00000000eb000000,0x00000000ec000000)
 ParOldGen       total 45568K, used 34442K [0x00000000a0000000, 0x00000000a2c80000, 0x00000000e0000000)
  object space 45568K, 75% used [0x00000000a0000000,0x00000000a21a2aa8,0x00000000a2c80000)
 Metaspace       used 50878K, capacity 52760K, committed 52824K, reserved 1095680K
  class space    used 7027K, capacity 7460K, committed 7512K, reserved 1048576K
}
Event: 110.001 GC heap before
{Heap before GC invocations=20 (full 2):
 PSYoungGen      total 135168K, used 135168K [0x00000000e0000000, 0x00000000ec000000, 0x0000000100000000)
  eden space 124416K, 100% used [0x00000000e0000000,0x00000000e7980000,0x00000000e7980000)
  from space 10752K, 100% used [0x00000000e7980000,0x00000000e8400000,0x00000000e8400000)
  to   space 16384K, 0% used [0x00000000eb000000,0x00000000eb000000,0x00000000ec000000)
 ParOldGen       total 45568K, used 34442K [0x00000000a0000000, 0x00000000a2c80000, 0x00000000e0000000)
  object space 45568K, 75% used [0x00000000a0000000,0x00000000a21a2aa8,0x00000000a2c80000)
 Metaspace       used 56556K, capacity 58882K, committed 59028K, reserved 1099776K
  class space    used 7662K, capacity 8152K, committed 8152K, reserved 1048576K
Event: 110.121 GC heap after
Heap after GC invocations=20 (full 2):
 PSYoungGen      total 177152K, used 10051K [0x00000000e0000000, 0x00000000ebe80000, 0x0000000100000000)
  eden space 162304K, 0% used [0x00000000e0000000,0x00000000e0000000,0x00000000e9e80000)
  from space 14848K, 67% used [0x00000000eb000000,0x00000000eb9d0f30,0x00000000ebe80000)
  to   space 16384K, 0% used [0x00000000e9e80000,0x00000000e9e80000,0x00000000eae80000)
 ParOldGen       total 45568K, used 45215K [0x00000000a0000000, 0x00000000a2c80000, 0x00000000e0000000)
  object space 45568K, 99% used [0x00000000a0000000,0x00000000a2c27c70,0x00000000a2c80000)
 Metaspace       used 56556K, capacity 58882K, committed 59028K, reserved 1099776K
  class space    used 7662K, capacity 8152K, committed 8152K, reserved 1048576K
}
Event: 110.121 GC heap before
{Heap before GC invocations=21 (full 3):
 PSYoungGen      total 177152K, used 10051K [0x00000000e0000000, 0x00000000ebe80000, 0x0000000100000000)
  eden space 162304K, 0% used [0x00000000e0000000,0x00000000e0000000,0x00000000e9e80000)
  from space 14848K, 67% used [0x00000000eb000000,0x00000000eb9d0f30,0x00000000ebe80000)
  to   space 16384K, 0% used [0x00000000e9e80000,0x00000000e9e80000,0x00000000eae80000)
 ParOldGen       total 45568K, used 45215K [0x00000000a0000000, 0x00000000a2c80000, 0x00000000e0000000)
  object space 45568K, 99% used [0x00000000a0000000,0x00000000a2c27c70,0x00000000a2c80000)
 Metaspace       used 56556K, capacity 58882K, committed 59028K, reserved 1099776K
  class space    used 7662K, capacity 8152K, committed 8152K, reserved 1048576K
Event: 111.566 GC heap after
Heap after GC invocations=21 (full 3):
 PSYoungGen      total 177152K, used 2705K [0x00000000e0000000, 0x00000000ebe80000, 0x0000000100000000)
  eden space 162304K, 0% used [0x00000000e0000000,0x00000000e0000000,0x00000000e9e80000)
  from space 14848K, 18% used [0x00000000eb000000,0x00000000eb2a4508,0x00000000ebe80000)
  to   space 16384K, 0% used [0x00000000e9e80000,0x00000000e9e80000,0x00000000eae80000)
 ParOldGen       total 91648K, used 45139K [0x00000000a0000000, 0x00000000a5980000, 0x00000000e0000000)
  object space 91648K, 49% used [0x00000000a0000000,0x00000000a2c14f28,0x00000000a5980000)
 Metaspace       used 56556K, capacity 58882K, committed 59028K, reserved 1099776K
  class space    used 7662K, capacity 8152K, committed 8152K, reserved 1048576K
}
Event: 316.368 GC heap before
{Heap before GC invocations=22 (full 3):
 PSYoungGen      total 177152K, used 165009K [0x00000000e0000000, 0x00000000ebe80000, 0x0000000100000000)
  eden space 162304K, 100% used [0x00000000e0000000,0x00000000e9e80000,0x00000000e9e80000)
  from space 14848K, 18% used [0x00000000eb000000,0x00000000eb2a4508,0x00000000ebe80000)
  to   space 16384K, 0% used [0x00000000e9e80000,0x00000000e9e80000,0x00000000eae80000)
 ParOldGen       total 91648K, used 45139K [0x00000000a0000000, 0x00000000a5980000, 0x00000000e0000000)
  object space 91648K, 49% used [0x00000000a0000000,0x00000000a2c14f28,0x00000000a5980000)
 Metaspace       used 58936K, capacity 61780K, committed 61912K, reserved 1101824K
  class space    used 7984K, capacity 8548K, committed 8664K, reserved 1048576K
Event: 316.443 GC heap after
Heap after GC invocations=22 (full 3):
 PSYoungGen      total 178688K, used 5626K [0x00000000e0000000, 0x00000000eda80000, 0x0000000100000000)
  eden space 162304K, 0% used [0x00000000e0000000,0x00000000e0000000,0x00000000e9e80000)
  from space 16384K, 34% used [0x00000000e9e80000,0x00000000ea3feb70,0x00000000eae80000)
  to   space 15872K, 0% used [0x00000000ecb00000,0x00000000ecb00000,0x00000000eda80000)
 ParOldGen       total 91648K, used 46350K [0x00000000a0000000, 0x00000000a5980000, 0x00000000e0000000)
  object space 91648K, 50% used [0x00000000a0000000,0x00000000a2d43910,0x00000000a5980000)
 Metaspace       used 58936K, capacity 61780K, committed 61912K, reserved 1101824K
  class space    used 7984K, capacity 8548K, committed 8664K, reserved 1048576K
}

