# JRE version: OpenJDK Runtime Environment (8.0_112-b06) (build 1.8.0_112-release-b06)
# Java VM: OpenJDK 64-Bit Server VM (25.112-b06 mixed mode windows-amd64 compressed oops)
Heap:
 PSYoungGen      total 191488K, used 143411K [0x00000000e0000000, 0x00000000ee480000, 0x0000000100000000)
  eden space 173568K, 76% used [0x00000000e0000000,0x00000000e819b6c0,0x00000000ea980000)
  from space 17920K, 59% used [0x00000000ea980000,0x00000000eb3f16b0,0x00000000ebb00000)
  to   space 17920K, 0% used [0x00000000ed300000,0x00000000ed300000,0x00000000ee480000)
 ParOldGen       total 94208K, used 44517K [0x00000000a0000000, 0x00000000a5c00000, 0x00000000e0000000)
  object space 94208K, 47% used [0x00000000a0000000,0x00000000a2b79748,0x00000000a5c00000)
 Metaspace       used 59685K, capacity 62418K, committed 62592K, reserved 1103872K
  class space    used 7933K, capacity 8488K, committed 8576K, reserved 1048576K
GC Heap History (10 events):
Event: 31.327 GC heap before
{Heap before GC invocations=16 (full 2):
 PSYoungGen      total 120832K, used 117757K [0x00000000e0000000, 0x00000000e9e00000, 0x0000000100000000)
  eden space 110592K, 100% used [0x00000000e0000000,0x00000000e6c00000,0x00000000e6c00000)
  from space 10240K, 69% used [0x00000000e6c00000,0x00000000e72ff6e0,0x00000000e7600000)
  to   space 10240K, 0% used [0x00000000e9400000,0x00000000e9400000,0x00000000e9e00000)
 ParOldGen       total 50176K, used 22286K [0x00000000a0000000, 0x00000000a3100000, 0x00000000e0000000)
  object space 50176K, 44% used [0x00000000a0000000,0x00000000a15c38a0,0x00000000a3100000)
 Metaspace       used 49819K, capacity 51408K, committed 51584K, reserved 1093632K
  class space    used 6804K, capacity 7177K, committed 7296K, reserved 1048576K
Event: 31.386 GC heap after
Heap after GC invocations=16 (full 2):
 PSYoungGen      total 147968K, used 10240K [0x00000000e0000000, 0x00000000ea800000, 0x0000000100000000)
  eden space 137728K, 0% used [0x00000000e0000000,0x00000000e0000000,0x00000000e8680000)
  from space 10240K, 100% used [0x00000000e9400000,0x00000000e9e00000,0x00000000e9e00000)
  to   space 13824K, 0% used [0x00000000e8680000,0x00000000e8680000,0x00000000e9400000)
 ParOldGen       total 50176K, used 28585K [0x00000000a0000000, 0x00000000a3100000, 0x00000000e0000000)
  object space 50176K, 56% used [0x00000000a0000000,0x00000000a1bea6d8,0x00000000a3100000)
 Metaspace       used 49819K, capacity 51408K, committed 51584K, reserved 1093632K
  class space    used 6804K, capacity 7177K, committed 7296K, reserved 1048576K
}
Event: 40.324 GC heap before
{Heap before GC invocations=17 (full 2):
 PSYoungGen      total 147968K, used 147968K [0x00000000e0000000, 0x00000000ea800000, 0x0000000100000000)
  eden space 137728K, 100% used [0x00000000e0000000,0x00000000e8680000,0x00000000e8680000)
  from space 10240K, 100% used [0x00000000e9400000,0x00000000e9e00000,0x00000000e9e00000)
  to   space 13824K, 0% used [0x00000000e8680000,0x00000000e8680000,0x00000000e9400000)
 ParOldGen       total 50176K, used 28585K [0x00000000a0000000, 0x00000000a3100000, 0x00000000e0000000)
  object space 50176K, 56% used [0x00000000a0000000,0x00000000a1bea6d8,0x00000000a3100000)
 Metaspace       used 53803K, capacity 56116K, committed 56192K, reserved 1097728K
  class space    used 7302K, capacity 7765K, committed 7808K, reserved 1048576K
Event: 40.385 GC heap after
Heap after GC invocations=17 (full 2):
 PSYoungGen      total 151552K, used 11913K [0x00000000e0000000, 0x00000000eca00000, 0x0000000100000000)
  eden space 137728K, 0% used [0x00000000e0000000,0x00000000e0000000,0x00000000e8680000)
  from space 13824K, 86% used [0x00000000e8680000,0x00000000e9222678,0x00000000e9400000)
  to   space 15360K, 0% used [0x00000000ebb00000,0x00000000ebb00000,0x00000000eca00000)
 ParOldGen       total 50176K, used 38692K [0x00000000a0000000, 0x00000000a3100000, 0x00000000e0000000)
  object space 50176K, 77% used [0x00000000a0000000,0x00000000a25c9350,0x00000000a3100000)
 Metaspace       used 53803K, capacity 56116K, committed 56192K, reserved 1097728K
  class space    used 7302K, capacity 7765K, committed 7808K, reserved 1048576K
}
Event: 44.369 GC heap before
{Heap before GC invocations=18 (full 2):
 PSYoungGen      total 151552K, used 57277K [0x00000000e0000000, 0x00000000eca00000, 0x0000000100000000)
  eden space 137728K, 32% used [0x00000000e0000000,0x00000000e2c4d180,0x00000000e8680000)
  from space 13824K, 86% used [0x00000000e8680000,0x00000000e9222678,0x00000000e9400000)
  to   space 15360K, 0% used [0x00000000ebb00000,0x00000000ebb00000,0x00000000eca00000)
 ParOldGen       total 50176K, used 38692K [0x00000000a0000000, 0x00000000a3100000, 0x00000000e0000000)
  object space 50176K, 77% used [0x00000000a0000000,0x00000000a25c9350,0x00000000a3100000)
 Metaspace       used 56648K, capacity 58950K, committed 59028K, reserved 1099776K
  class space    used 7642K, capacity 8150K, committed 8192K, reserved 1048576K
Event: 44.437 GC heap after
Heap after GC invocations=18 (full 2):
 PSYoungGen      total 188928K, used 15351K [0x00000000e0000000, 0x00000000ecf00000, 0x0000000100000000)
  eden space 173568K, 0% used [0x00000000e0000000,0x00000000e0000000,0x00000000ea980000)
  from space 15360K, 99% used [0x00000000ebb00000,0x00000000ec9fdf78,0x00000000eca00000)
  to   space 17920K, 0% used [0x00000000ea980000,0x00000000ea980000,0x00000000ebb00000)
 ParOldGen       total 50176K, used 39104K [0x00000000a0000000, 0x00000000a3100000, 0x00000000e0000000)
  object space 50176K, 77% used [0x00000000a0000000,0x00000000a2630048,0x00000000a3100000)
 Metaspace       used 56648K, capacity 58950K, committed 59028K, reserved 1099776K
  class space    used 7642K, capacity 8150K, committed 8192K, reserved 1048576K
}
Event: 44.437 GC heap before
{Heap before GC invocations=19 (full 3):
 PSYoungGen      total 188928K, used 15351K [0x00000000e0000000, 0x00000000ecf00000, 0x0000000100000000)
  eden space 173568K, 0% used [0x00000000e0000000,0x00000000e0000000,0x00000000ea980000)
  from space 15360K, 99% used [0x00000000ebb00000,0x00000000ec9fdf78,0x00000000eca00000)
  to   space 17920K, 0% used [0x00000000ea980000,0x00000000ea980000,0x00000000ebb00000)
 ParOldGen       total 50176K, used 39104K [0x00000000a0000000, 0x00000000a3100000, 0x00000000e0000000)
  object space 50176K, 77% used [0x00000000a0000000,0x00000000a2630048,0x00000000a3100000)
 Metaspace       used 56648K, capacity 58950K, committed 59028K, reserved 1099776K
  class space    used 7642K, capacity 8150K, committed 8192K, reserved 1048576K
Event: 45.214 GC heap after
Heap after GC invocations=19 (full 3):
 PSYoungGen      total 188928K, used 0K [0x00000000e0000000, 0x00000000ecf00000, 0x0000000100000000)
  eden space 173568K, 0% used [0x00000000e0000000,0x00000000e0000000,0x00000000ea980000)
  from space 15360K, 0% used [0x00000000ebb00000,0x00000000ebb00000,0x00000000eca00000)
  to   space 17920K, 0% used [0x00000000ea980000,0x00000000ea980000,0x00000000ebb00000)
 ParOldGen       total 94208K, used 44509K [0x00000000a0000000, 0x00000000a5c00000, 0x00000000e0000000)
  object space 94208K, 47% used [0x00000000a0000000,0x00000000a2b77748,0x00000000a5c00000)
 Metaspace       used 56648K, capacity 58950K, committed 59028K, reserved 1099776K
  class space    used 7642K, capacity 8150K, committed 8192K, reserved 1048576K
}
Event: 134.870 GC heap before
{Heap before GC invocations=20 (full 3):
 PSYoungGen      total 188928K, used 173568K [0x00000000e0000000, 0x00000000ecf00000, 0x0000000100000000)
  eden space 173568K, 100% used [0x00000000e0000000,0x00000000ea980000,0x00000000ea980000)
  from space 15360K, 0% used [0x00000000ebb00000,0x00000000ebb00000,0x00000000eca00000)
  to   space 17920K, 0% used [0x00000000ea980000,0x00000000ea980000,0x00000000ebb00000)
 ParOldGen       total 94208K, used 44509K [0x00000000a0000000, 0x00000000a5c00000, 0x00000000e0000000)
  object space 94208K, 47% used [0x00000000a0000000,0x00000000a2b77748,0x00000000a5c00000)
 Metaspace       used 58426K, capacity 60928K, committed 61184K, reserved 1101824K
  class space    used 7817K, capacity 8325K, committed 8448K, reserved 1048576K
Event: 134.904 GC heap after
Heap after GC invocations=20 (full 3):
 PSYoungGen      total 191488K, used 10693K [0x00000000e0000000, 0x00000000ee480000, 0x0000000100000000)
  eden space 173568K, 0% used [0x00000000e0000000,0x00000000e0000000,0x00000000ea980000)
  from space 17920K, 59% used [0x00000000ea980000,0x00000000eb3f16b0,0x00000000ebb00000)
  to   space 17920K, 0% used [0x00000000ed300000,0x00000000ed300000,0x00000000ee480000)
 ParOldGen       total 94208K, used 44517K [0x00000000a0000000, 0x00000000a5c00000, 0x00000000e0000000)
  object space 94208K, 47% used [0x00000000a0000000,0x00000000a2b79748,0x00000000a5c00000)
 Metaspace       used 58426K, capacity 60928K, committed 61184K, reserved 1101824K
  class space    used 7817K, capacity 8325K, committed 8448K, reserved 1048576K
}

